/data/phaosaw2/compiler-test-generator/induction-variable
CC=pgcc meson -D localstatedir=no_vec build/pgi_s
Building ninja for pgi_s
Building assembly for pgi_s
CC=pgcc meson  build/pgi_v
Building ninja for pgi_v
Building assembly for pgi_v
CC=clang meson -D localstatedir=no_vec build/clang_s
Building ninja for clang_s
Building assembly for clang_s
CC=clang meson  build/clang_v
Building ninja for clang_v
Building assembly for clang_v
CC=gcc meson -D localstatedir=no_vec build/gcc_s
Building ninja for gcc_s
Building assembly for gcc_s
CC=gcc meson  build/gcc_v
Building ninja for gcc_v
Building assembly for gcc_v
CC=icc meson -D localstatedir=no_vec build/icc_s
Building ninja for icc_s
Building assembly for icc_s
CC=icc meson  build/icc_v
Building ninja for icc_v
Building assembly for icc_v
