==================
test.p00.v00.c
==================
  for (int i_0 = 1; i_0 < 499; ++i_0) {
    for (int i_1 = 1; i_1 < 499; ++i_1) {
      for (int i_2 = 1; i_2 < 499; ++i_2) {
        (*A)[i_0][i_1][i_2] = ((*C)[(i_1 + 1)][(i_0 + 1)][i_2] + (*A)[(i_0 + 1)][(i_1 - 1)][i_2]);
      }
    }
  }

==================
test.p00.v01.c
==================
  int iv_0 = 1;
  for (int i_0 = 1; i_0 < 499; ++i_0) {
    int iv_1 = 0;
    for (int i_1 = 1; i_1 < 499; ++i_1) {
      iv_1 = i_1;
      int iv_2 = 1;
      for (int i_2 = 1; i_2 < 499; ++i_2) {
        (*A)[i_0][iv_1][iv_2] = ((*C)[(i_1 + 1)][(iv_0 + 1)][iv_2] + (*A)[(iv_0 + 1)][(iv_1 - 1)][i_2]);
        iv_2 = (iv_2 + 1);
      }
    }
    iv_0 = (iv_0 + 1);
  }

==================
test.p00.v02.c
==================
  int iv_0 = 1;
  for (int i_0 = 1; i_0 < 499; ++i_0) {
    int iv_1 = 0;
    for (int i_1 = 1; i_1 < 499; ++i_1) {
      iv_1 = i_1;
      int iv_2 = 0;
      for (int i_2 = 1; i_2 < 499; ++i_2) {
        iv_2 = i_2;
        (*A)[iv_0][i_1][i_2] = ((*C)[(i_1 + 1)][(iv_0 + 1)][i_2] + (*A)[(iv_0 + 1)][(iv_1 - 1)][iv_2]);
      }
    }
    iv_0 = (iv_0 + 1);
  }

==================
test.p00.v03.c
==================
  int iv_0 = 0;
  for (int i_0 = 1; i_0 < 499; ++i_0) {
    iv_0 = i_0;
    int iv_1 = 1;
    for (int i_1 = 1; i_1 < 499; ++i_1) {
      int iv_2 = (17 + 16);
      for (int i_2 = 1; i_2 < 499; ++i_2) {
        (*A)[iv_0][iv_1][i_2] = ((*C)[(i_1 + 1)][(iv_0 + 1)][i_2] + (*A)[(iv_0 + 1)][(i_1 - 1)][((iv_2 - 17) / 16)]);
        iv_2 = (iv_2 + 16);
      }
      iv_1 = (iv_1 + 1);
    }
  }

==================
test.p00.v04.c
==================
  int iv_0 = 1;
  for (int i_0 = 1; i_0 < 499; ++i_0) {
    int iv_1 = 0;
    for (int i_1 = 1; i_1 < 499; ++i_1) {
      iv_1 = i_1;
      int iv_2 = 0;
      for (int i_2 = 1; i_2 < 499; ++i_2) {
        iv_2 = i_2;
        (*A)[i_0][iv_1][iv_2] = ((*C)[(iv_1 + 1)][(iv_0 + 1)][iv_2] + (*A)[(i_0 + 1)][(i_1 - 1)][i_2]);
      }
    }
    iv_0 = (iv_0 + 1);
  }

==================
test.p00.v05.c
==================
  int iv_0 = 1;
  for (int i_0 = 1; i_0 < 499; ++i_0) {
    int iv_1 = 0;
    for (int i_1 = 1; i_1 < 499; ++i_1) {
      iv_1 = i_1;
      int iv_2 = 0;
      for (int i_2 = 1; i_2 < 499; ++i_2) {
        iv_2 = i_2;
        (*A)[i_0][iv_1][iv_2] = ((*C)[(iv_1 + 1)][(i_0 + 1)][i_2] + (*A)[(iv_0 + 1)][(i_1 - 1)][i_2]);
      }
    }
    iv_0 = (iv_0 + 1);
  }

==================
test.p00.v06.c
==================
  int iv_0 = (28 + 25);
  for (int i_0 = 1; i_0 < 499; ++i_0) {
    int iv_1 = 0;
    for (int i_1 = 1; i_1 < 499; ++i_1) {
      iv_1 = i_1;
      int iv_2 = (20 + 24);
      for (int i_2 = 1; i_2 < 499; ++i_2) {
        (*A)[((iv_0 - 28) / 25)][iv_1][((iv_2 - 20) / 24)] = ((*C)[(i_1 + 1)][(((iv_0 - 28) / 25) + 1)][((iv_2 - 20) / 24)] + (*A)[(((iv_0 - 28) / 25) + 1)][(i_1 - 1)][((iv_2 - 20) / 24)]);
        iv_2 = (iv_2 + 24);
      }
    }
    iv_0 = (iv_0 + 25);
  }

==================
test.p00.v07.c
==================
  int iv_0 = (15 + 13);
  for (int i_0 = 1; i_0 < 499; ++i_0) {
    int iv_1 = 1;
    for (int i_1 = 1; i_1 < 499; ++i_1) {
      int iv_2 = 1;
      for (int i_2 = 1; i_2 < 499; ++i_2) {
        (*A)[i_0][iv_1][iv_2] = ((*C)[(i_1 + 1)][(((iv_0 - 15) / 13) + 1)][iv_2] + (*A)[(((iv_0 - 15) / 13) + 1)][(i_1 - 1)][iv_2]);
        iv_2 = (iv_2 + 1);
      }
      iv_1 = (iv_1 + 1);
    }
    iv_0 = (iv_0 + 13);
  }

==================
test.p00.v08.c
==================
  int iv_0 = (24 + 21);
  for (int i_0 = 1; i_0 < 499; ++i_0) {
    int iv_1 = 0;
    for (int i_1 = 1; i_1 < 499; ++i_1) {
      iv_1 = i_1;
      int iv_2 = 0;
      for (int i_2 = 1; i_2 < 499; ++i_2) {
        iv_2 = i_2;
        (*A)[((iv_0 - 24) / 21)][i_1][i_2] = ((*C)[(iv_1 + 1)][(i_0 + 1)][i_2] + (*A)[(((iv_0 - 24) / 21) + 1)][(i_1 - 1)][iv_2]);
      }
    }
    iv_0 = (iv_0 + 21);
  }

==================
test.p00.v09.c
==================
  int iv_0 = 0;
  for (int i_0 = 1; i_0 < 499; ++i_0) {
    iv_0 = i_0;
    int iv_1 = (33 + 47);
    for (int i_1 = 1; i_1 < 499; ++i_1) {
      int iv_2 = 0;
      for (int i_2 = 1; i_2 < 499; ++i_2) {
        iv_2 = i_2;
        (*A)[i_0][((iv_1 - 33) / 47)][i_2] = ((*C)[(((iv_1 - 33) / 47) + 1)][(iv_0 + 1)][iv_2] + (*A)[(i_0 + 1)][(((iv_1 - 33) / 47) - 1)][i_2]);
      }
      iv_1 = (iv_1 + 47);
    }
  }

==================
test.p00.v10.c
==================
  int iv_0 = (23 + 49);
  for (int i_0 = 1; i_0 < 499; ++i_0) {
    int iv_1 = (15 + 52);
    for (int i_1 = 1; i_1 < 499; ++i_1) {
      int iv_2 = 0;
      for (int i_2 = 1; i_2 < 499; ++i_2) {
        iv_2 = i_2;
        (*A)[i_0][i_1][i_2] = ((*C)[(((iv_1 - 15) / 52) + 1)][(i_0 + 1)][i_2] + (*A)[(((iv_0 - 23) / 49) + 1)][(i_1 - 1)][iv_2]);
      }
      iv_1 = (iv_1 + 52);
    }
    iv_0 = (iv_0 + 49);
  }

==================
test.p01.v00.c
==================
  for (int i_0 = 1; i_0 < 499; ++i_0) {
    for (int i_1 = 1; i_1 < 499; ++i_1) {
      for (int i_2 = 1; i_2 < 499; ++i_2) {
        (*A)[i_0][i_1][i_2] = ((*C)[(i_0 - 1)][i_1][i_2] * (*C)[i_0][i_1][i_2]);
      }
    }
  }

==================
test.p01.v01.c
==================
  int iv_0 = (29 + 33);
  for (int i_0 = 1; i_0 < 499; ++i_0) {
    int iv_1 = 0;
    for (int i_1 = 1; i_1 < 499; ++i_1) {
      iv_1 = i_1;
      int iv_2 = (12 + 23);
      for (int i_2 = 1; i_2 < 499; ++i_2) {
        (*A)[((iv_0 - 29) / 33)][iv_1][((iv_2 - 12) / 23)] = ((*C)[(((iv_0 - 29) / 33) - 1)][iv_1][((iv_2 - 12) / 23)] * (*C)[((iv_0 - 29) / 33)][iv_1][i_2]);
        iv_2 = (iv_2 + 23);
      }
    }
    iv_0 = (iv_0 + 33);
  }

==================
test.p01.v02.c
==================
  int iv_0 = 0;
  for (int i_0 = 1; i_0 < 499; ++i_0) {
    iv_0 = i_0;
    int iv_1 = 1;
    for (int i_1 = 1; i_1 < 499; ++i_1) {
      int iv_2 = 0;
      for (int i_2 = 1; i_2 < 499; ++i_2) {
        iv_2 = i_2;
        (*A)[iv_0][iv_1][i_2] = ((*C)[(i_0 - 1)][iv_1][i_2] * (*C)[i_0][iv_1][iv_2]);
      }
      iv_1 = (iv_1 + 1);
    }
  }

==================
test.p01.v03.c
==================
  int iv_0 = (32 + 7);
  for (int i_0 = 1; i_0 < 499; ++i_0) {
    int iv_1 = 1;
    for (int i_1 = 1; i_1 < 499; ++i_1) {
      int iv_2 = (21 + 46);
      for (int i_2 = 1; i_2 < 499; ++i_2) {
        (*A)[((iv_0 - 32) / 7)][i_1][i_2] = ((*C)[(i_0 - 1)][iv_1][((iv_2 - 21) / 46)] * (*C)[i_0][iv_1][((iv_2 - 21) / 46)]);
        iv_2 = (iv_2 + 46);
      }
      iv_1 = (iv_1 + 1);
    }
    iv_0 = (iv_0 + 7);
  }

==================
test.p01.v04.c
==================
  int iv_0 = (3 + 19);
  for (int i_0 = 1; i_0 < 499; ++i_0) {
    int iv_1 = 0;
    for (int i_1 = 1; i_1 < 499; ++i_1) {
      iv_1 = i_1;
      int iv_2 = 1;
      for (int i_2 = 1; i_2 < 499; ++i_2) {
        (*A)[i_0][iv_1][i_2] = ((*C)[(((iv_0 - 3) / 19) - 1)][iv_1][iv_2] * (*C)[i_0][iv_1][iv_2]);
        iv_2 = (iv_2 + 1);
      }
    }
    iv_0 = (iv_0 + 19);
  }

==================
test.p01.v05.c
==================
  int iv_0 = (31 + 5);
  for (int i_0 = 1; i_0 < 499; ++i_0) {
    int iv_1 = 1;
    for (int i_1 = 1; i_1 < 499; ++i_1) {
      int iv_2 = (14 + 55);
      for (int i_2 = 1; i_2 < 499; ++i_2) {
        (*A)[((iv_0 - 31) / 5)][iv_1][((iv_2 - 14) / 55)] = ((*C)[(i_0 - 1)][iv_1][i_2] * (*C)[((iv_0 - 31) / 5)][i_1][((iv_2 - 14) / 55)]);
        iv_2 = (iv_2 + 55);
      }
      iv_1 = (iv_1 + 1);
    }
    iv_0 = (iv_0 + 5);
  }

==================
test.p01.v06.c
==================
  int iv_0 = 0;
  for (int i_0 = 1; i_0 < 499; ++i_0) {
    iv_0 = i_0;
    int iv_1 = (31 + 50);
    for (int i_1 = 1; i_1 < 499; ++i_1) {
      int iv_2 = (3 + 6);
      for (int i_2 = 1; i_2 < 499; ++i_2) {
        (*A)[i_0][i_1][((iv_2 - 3) / 6)] = ((*C)[(iv_0 - 1)][i_1][i_2] * (*C)[i_0][((iv_1 - 31) / 50)][((iv_2 - 3) / 6)]);
        iv_2 = (iv_2 + 6);
      }
      iv_1 = (iv_1 + 50);
    }
  }

==================
test.p01.v07.c
==================
  int iv_0 = (20 + 21);
  for (int i_0 = 1; i_0 < 499; ++i_0) {
    int iv_1 = 1;
    for (int i_1 = 1; i_1 < 499; ++i_1) {
      int iv_2 = 1;
      for (int i_2 = 1; i_2 < 499; ++i_2) {
        (*A)[((iv_0 - 20) / 21)][i_1][iv_2] = ((*C)[(((iv_0 - 20) / 21) - 1)][iv_1][iv_2] * (*C)[((iv_0 - 20) / 21)][iv_1][iv_2]);
        iv_2 = (iv_2 + 1);
      }
      iv_1 = (iv_1 + 1);
    }
    iv_0 = (iv_0 + 21);
  }

==================
test.p01.v08.c
==================
  int iv_0 = 0;
  for (int i_0 = 1; i_0 < 499; ++i_0) {
    iv_0 = i_0;
    int iv_1 = 0;
    for (int i_1 = 1; i_1 < 499; ++i_1) {
      iv_1 = i_1;
      int iv_2 = (14 + 12);
      for (int i_2 = 1; i_2 < 499; ++i_2) {
        (*A)[i_0][i_1][((iv_2 - 14) / 12)] = ((*C)[(i_0 - 1)][i_1][((iv_2 - 14) / 12)] * (*C)[iv_0][iv_1][((iv_2 - 14) / 12)]);
        iv_2 = (iv_2 + 12);
      }
    }
  }

==================
test.p01.v09.c
==================
  int iv_0 = (19 + 16);
  for (int i_0 = 1; i_0 < 499; ++i_0) {
    int iv_1 = (23 + 18);
    for (int i_1 = 1; i_1 < 499; ++i_1) {
      int iv_2 = (13 + 16);
      for (int i_2 = 1; i_2 < 499; ++i_2) {
        (*A)[((iv_0 - 19) / 16)][((iv_1 - 23) / 18)][((iv_2 - 13) / 16)] = ((*C)[(((iv_0 - 19) / 16) - 1)][i_1][((iv_2 - 13) / 16)] * (*C)[((iv_0 - 19) / 16)][i_1][((iv_2 - 13) / 16)]);
        iv_2 = (iv_2 + 16);
      }
      iv_1 = (iv_1 + 18);
    }
    iv_0 = (iv_0 + 16);
  }

==================
test.p01.v10.c
==================
  int iv_0 = (17 + 12);
  for (int i_0 = 1; i_0 < 499; ++i_0) {
    int iv_1 = (29 + 8);
    for (int i_1 = 1; i_1 < 499; ++i_1) {
      int iv_2 = (5 + 16);
      for (int i_2 = 1; i_2 < 499; ++i_2) {
        (*A)[i_0][i_1][((iv_2 - 5) / 16)] = ((*C)[(((iv_0 - 17) / 12) - 1)][((iv_1 - 29) / 8)][i_2] * (*C)[i_0][i_1][i_2]);
        iv_2 = (iv_2 + 16);
      }
      iv_1 = (iv_1 + 8);
    }
    iv_0 = (iv_0 + 12);
  }

==================
test.p02.v00.c
==================
  for (int i_0 = 1; i_0 < 499; ++i_0) {
    for (int i_1 = 1; i_1 < 499; ++i_1) {
      for (int i_2 = 1; i_2 < 499; ++i_2) {
        (*A)[i_0][i_1][i_2] = ((*B)[(i_0 + 1)][(i_1 + 1)][i_2] - (*B)[i_1][(i_0 + 1)][i_2]);
      }
    }
  }

==================
test.p02.v01.c
==================
  int iv_0 = 1;
  for (int i_0 = 1; i_0 < 499; ++i_0) {
    int iv_1 = 0;
    for (int i_1 = 1; i_1 < 499; ++i_1) {
      iv_1 = i_1;
      int iv_2 = 0;
      for (int i_2 = 1; i_2 < 499; ++i_2) {
        iv_2 = i_2;
        (*A)[iv_0][iv_1][iv_2] = ((*B)[(iv_0 + 1)][(iv_1 + 1)][i_2] - (*B)[iv_1][(iv_0 + 1)][iv_2]);
      }
    }
    iv_0 = (iv_0 + 1);
  }

==================
test.p02.v02.c
==================
  int iv_0 = 0;
  for (int i_0 = 1; i_0 < 499; ++i_0) {
    iv_0 = i_0;
    int iv_1 = 1;
    for (int i_1 = 1; i_1 < 499; ++i_1) {
      int iv_2 = 0;
      for (int i_2 = 1; i_2 < 499; ++i_2) {
        iv_2 = i_2;
        (*A)[iv_0][iv_1][iv_2] = ((*B)[(iv_0 + 1)][(iv_1 + 1)][iv_2] - (*B)[i_1][(iv_0 + 1)][iv_2]);
      }
      iv_1 = (iv_1 + 1);
    }
  }

==================
test.p02.v03.c
==================
  int iv_0 = 1;
  for (int i_0 = 1; i_0 < 499; ++i_0) {
    int iv_1 = (20 + 21);
    for (int i_1 = 1; i_1 < 499; ++i_1) {
      int iv_2 = 1;
      for (int i_2 = 1; i_2 < 499; ++i_2) {
        (*A)[iv_0][i_1][iv_2] = ((*B)[(i_0 + 1)][(((iv_1 - 20) / 21) + 1)][i_2] - (*B)[((iv_1 - 20) / 21)][(i_0 + 1)][iv_2]);
        iv_2 = (iv_2 + 1);
      }
      iv_1 = (iv_1 + 21);
    }
    iv_0 = (iv_0 + 1);
  }

==================
test.p02.v04.c
==================
  int iv_0 = 1;
  for (int i_0 = 1; i_0 < 499; ++i_0) {
    int iv_1 = (30 + 51);
    for (int i_1 = 1; i_1 < 499; ++i_1) {
      int iv_2 = 0;
      for (int i_2 = 1; i_2 < 499; ++i_2) {
        iv_2 = i_2;
        (*A)[iv_0][((iv_1 - 30) / 51)][iv_2] = ((*B)[(iv_0 + 1)][(((iv_1 - 30) / 51) + 1)][i_2] - (*B)[((iv_1 - 30) / 51)][(i_0 + 1)][iv_2]);
      }
      iv_1 = (iv_1 + 51);
    }
    iv_0 = (iv_0 + 1);
  }

==================
test.p02.v05.c
==================
  int iv_0 = 0;
  for (int i_0 = 1; i_0 < 499; ++i_0) {
    iv_0 = i_0;
    int iv_1 = 0;
    for (int i_1 = 1; i_1 < 499; ++i_1) {
      iv_1 = i_1;
      int iv_2 = (27 + 11);
      for (int i_2 = 1; i_2 < 499; ++i_2) {
        (*A)[i_0][i_1][i_2] = ((*B)[(iv_0 + 1)][(i_1 + 1)][i_2] - (*B)[iv_1][(iv_0 + 1)][((iv_2 - 27) / 11)]);
        iv_2 = (iv_2 + 11);
      }
    }
  }

==================
test.p02.v06.c
==================
  int iv_0 = 0;
  for (int i_0 = 1; i_0 < 499; ++i_0) {
    iv_0 = i_0;
    int iv_1 = 0;
    for (int i_1 = 1; i_1 < 499; ++i_1) {
      iv_1 = i_1;
      int iv_2 = (9 + 19);
      for (int i_2 = 1; i_2 < 499; ++i_2) {
        (*A)[iv_0][i_1][i_2] = ((*B)[(iv_0 + 1)][(iv_1 + 1)][((iv_2 - 9) / 19)] - (*B)[i_1][(iv_0 + 1)][((iv_2 - 9) / 19)]);
        iv_2 = (iv_2 + 19);
      }
    }
  }

==================
test.p02.v07.c
==================
  int iv_0 = 1;
  for (int i_0 = 1; i_0 < 499; ++i_0) {
    int iv_1 = 0;
    for (int i_1 = 1; i_1 < 499; ++i_1) {
      iv_1 = i_1;
      int iv_2 = 0;
      for (int i_2 = 1; i_2 < 499; ++i_2) {
        iv_2 = i_2;
        (*A)[iv_0][iv_1][iv_2] = ((*B)[(iv_0 + 1)][(i_1 + 1)][iv_2] - (*B)[iv_1][(iv_0 + 1)][i_2]);
      }
    }
    iv_0 = (iv_0 + 1);
  }

==================
test.p02.v08.c
==================
  int iv_0 = 1;
  for (int i_0 = 1; i_0 < 499; ++i_0) {
    int iv_1 = 1;
    for (int i_1 = 1; i_1 < 499; ++i_1) {
      int iv_2 = (8 + 53);
      for (int i_2 = 1; i_2 < 499; ++i_2) {
        (*A)[iv_0][iv_1][((iv_2 - 8) / 53)] = ((*B)[(iv_0 + 1)][(iv_1 + 1)][((iv_2 - 8) / 53)] - (*B)[iv_1][(i_0 + 1)][((iv_2 - 8) / 53)]);
        iv_2 = (iv_2 + 53);
      }
      iv_1 = (iv_1 + 1);
    }
    iv_0 = (iv_0 + 1);
  }

==================
test.p02.v09.c
==================
  int iv_0 = 0;
  for (int i_0 = 1; i_0 < 499; ++i_0) {
    iv_0 = i_0;
    int iv_1 = (13 + 14);
    for (int i_1 = 1; i_1 < 499; ++i_1) {
      int iv_2 = (18 + 17);
      for (int i_2 = 1; i_2 < 499; ++i_2) {
        (*A)[iv_0][i_1][((iv_2 - 18) / 17)] = ((*B)[(iv_0 + 1)][(i_1 + 1)][((iv_2 - 18) / 17)] - (*B)[((iv_1 - 13) / 14)][(i_0 + 1)][((iv_2 - 18) / 17)]);
        iv_2 = (iv_2 + 17);
      }
      iv_1 = (iv_1 + 14);
    }
  }

==================
test.p02.v10.c
==================
  int iv_0 = 1;
  for (int i_0 = 1; i_0 < 499; ++i_0) {
    int iv_1 = (11 + 8);
    for (int i_1 = 1; i_1 < 499; ++i_1) {
      int iv_2 = 1;
      for (int i_2 = 1; i_2 < 499; ++i_2) {
        (*A)[iv_0][i_1][i_2] = ((*B)[(iv_0 + 1)][(((iv_1 - 11) / 8) + 1)][i_2] - (*B)[i_1][(iv_0 + 1)][iv_2]);
        iv_2 = (iv_2 + 1);
      }
      iv_1 = (iv_1 + 8);
    }
    iv_0 = (iv_0 + 1);
  }

==================
test.p03.v00.c
==================
  for (int i_0 = 1; i_0 < 499; ++i_0) {
    for (int i_1 = 1; i_1 < 499; ++i_1) {
      for (int i_2 = 1; i_2 < 499; ++i_2) {
        (*C)[i_0][i_1][i_2] = ((*A)[(i_0 - 1)][i_1][i_2] + (*B)[(i_1 - 1)][(i_0 + 1)][i_2]);
      }
    }
  }

==================
test.p03.v01.c
==================
  int iv_0 = (9 + 29);
  for (int i_0 = 1; i_0 < 499; ++i_0) {
    int iv_1 = 1;
    for (int i_1 = 1; i_1 < 499; ++i_1) {
      int iv_2 = (18 + 5);
      for (int i_2 = 1; i_2 < 499; ++i_2) {
        (*C)[((iv_0 - 9) / 29)][iv_1][i_2] = ((*A)[(((iv_0 - 9) / 29) - 1)][iv_1][((iv_2 - 18) / 5)] + (*B)[(i_1 - 1)][(((iv_0 - 9) / 29) + 1)][i_2]);
        iv_2 = (iv_2 + 5);
      }
      iv_1 = (iv_1 + 1);
    }
    iv_0 = (iv_0 + 29);
  }

==================
test.p03.v02.c
==================
  int iv_0 = 0;
  for (int i_0 = 1; i_0 < 499; ++i_0) {
    iv_0 = i_0;
    int iv_1 = 1;
    for (int i_1 = 1; i_1 < 499; ++i_1) {
      int iv_2 = 1;
      for (int i_2 = 1; i_2 < 499; ++i_2) {
        (*C)[iv_0][iv_1][iv_2] = ((*A)[(iv_0 - 1)][i_1][iv_2] + (*B)[(iv_1 - 1)][(i_0 + 1)][i_2]);
        iv_2 = (iv_2 + 1);
      }
      iv_1 = (iv_1 + 1);
    }
  }

==================
test.p03.v03.c
==================
  int iv_0 = (27 + 53);
  for (int i_0 = 1; i_0 < 499; ++i_0) {
    int iv_1 = (3 + 45);
    for (int i_1 = 1; i_1 < 499; ++i_1) {
      int iv_2 = (7 + 36);
      for (int i_2 = 1; i_2 < 499; ++i_2) {
        (*C)[((iv_0 - 27) / 53)][((iv_1 - 3) / 45)][((iv_2 - 7) / 36)] = ((*A)[(((iv_0 - 27) / 53) - 1)][((iv_1 - 3) / 45)][i_2] + (*B)[(((iv_1 - 3) / 45) - 1)][(i_0 + 1)][((iv_2 - 7) / 36)]);
        iv_2 = (iv_2 + 36);
      }
      iv_1 = (iv_1 + 45);
    }
    iv_0 = (iv_0 + 53);
  }

==================
test.p03.v04.c
==================
  int iv_0 = 0;
  for (int i_0 = 1; i_0 < 499; ++i_0) {
    iv_0 = i_0;
    int iv_1 = 0;
    for (int i_1 = 1; i_1 < 499; ++i_1) {
      iv_1 = i_1;
      int iv_2 = 1;
      for (int i_2 = 1; i_2 < 499; ++i_2) {
        (*C)[iv_0][iv_1][iv_2] = ((*A)[(i_0 - 1)][i_1][iv_2] + (*B)[(iv_1 - 1)][(iv_0 + 1)][iv_2]);
        iv_2 = (iv_2 + 1);
      }
    }
  }

==================
test.p03.v05.c
==================
  int iv_0 = (13 + 55);
  for (int i_0 = 1; i_0 < 499; ++i_0) {
    int iv_1 = 1;
    for (int i_1 = 1; i_1 < 499; ++i_1) {
      int iv_2 = 1;
      for (int i_2 = 1; i_2 < 499; ++i_2) {
        (*C)[((iv_0 - 13) / 55)][iv_1][iv_2] = ((*A)[(i_0 - 1)][i_1][iv_2] + (*B)[(iv_1 - 1)][(((iv_0 - 13) / 55) + 1)][iv_2]);
        iv_2 = (iv_2 + 1);
      }
      iv_1 = (iv_1 + 1);
    }
    iv_0 = (iv_0 + 55);
  }

==================
test.p03.v06.c
==================
  int iv_0 = 0;
  for (int i_0 = 1; i_0 < 499; ++i_0) {
    iv_0 = i_0;
    int iv_1 = (27 + 41);
    for (int i_1 = 1; i_1 < 499; ++i_1) {
      int iv_2 = (6 + 25);
      for (int i_2 = 1; i_2 < 499; ++i_2) {
        (*C)[iv_0][((iv_1 - 27) / 41)][i_2] = ((*A)[(i_0 - 1)][i_1][((iv_2 - 6) / 25)] + (*B)[(i_1 - 1)][(iv_0 + 1)][((iv_2 - 6) / 25)]);
        iv_2 = (iv_2 + 25);
      }
      iv_1 = (iv_1 + 41);
    }
  }

==================
test.p03.v07.c
==================
  int iv_0 = (27 + 27);
  for (int i_0 = 1; i_0 < 499; ++i_0) {
    int iv_1 = 1;
    for (int i_1 = 1; i_1 < 499; ++i_1) {
      int iv_2 = (31 + 12);
      for (int i_2 = 1; i_2 < 499; ++i_2) {
        (*C)[((iv_0 - 27) / 27)][i_1][i_2] = ((*A)[(((iv_0 - 27) / 27) - 1)][iv_1][((iv_2 - 31) / 12)] + (*B)[(i_1 - 1)][(((iv_0 - 27) / 27) + 1)][((iv_2 - 31) / 12)]);
        iv_2 = (iv_2 + 12);
      }
      iv_1 = (iv_1 + 1);
    }
    iv_0 = (iv_0 + 27);
  }

==================
test.p03.v08.c
==================
  int iv_0 = 1;
  for (int i_0 = 1; i_0 < 499; ++i_0) {
    int iv_1 = 0;
    for (int i_1 = 1; i_1 < 499; ++i_1) {
      iv_1 = i_1;
      int iv_2 = 1;
      for (int i_2 = 1; i_2 < 499; ++i_2) {
        (*C)[iv_0][i_1][i_2] = ((*A)[(iv_0 - 1)][iv_1][iv_2] + (*B)[(iv_1 - 1)][(iv_0 + 1)][i_2]);
        iv_2 = (iv_2 + 1);
      }
    }
    iv_0 = (iv_0 + 1);
  }

==================
test.p03.v09.c
==================
  int iv_0 = 1;
  for (int i_0 = 1; i_0 < 499; ++i_0) {
    int iv_1 = 1;
    for (int i_1 = 1; i_1 < 499; ++i_1) {
      int iv_2 = (15 + 5);
      for (int i_2 = 1; i_2 < 499; ++i_2) {
        (*C)[i_0][iv_1][((iv_2 - 15) / 5)] = ((*A)[(iv_0 - 1)][i_1][((iv_2 - 15) / 5)] + (*B)[(i_1 - 1)][(iv_0 + 1)][((iv_2 - 15) / 5)]);
        iv_2 = (iv_2 + 5);
      }
      iv_1 = (iv_1 + 1);
    }
    iv_0 = (iv_0 + 1);
  }

==================
test.p03.v10.c
==================
  int iv_0 = (16 + 14);
  for (int i_0 = 1; i_0 < 499; ++i_0) {
    int iv_1 = (19 + 33);
    for (int i_1 = 1; i_1 < 499; ++i_1) {
      int iv_2 = (25 + 33);
      for (int i_2 = 1; i_2 < 499; ++i_2) {
        (*C)[((iv_0 - 16) / 14)][((iv_1 - 19) / 33)][((iv_2 - 25) / 33)] = ((*A)[(((iv_0 - 16) / 14) - 1)][((iv_1 - 19) / 33)][i_2] + (*B)[(((iv_1 - 19) / 33) - 1)][(((iv_0 - 16) / 14) + 1)][((iv_2 - 25) / 33)]);
        iv_2 = (iv_2 + 33);
      }
      iv_1 = (iv_1 + 33);
    }
    iv_0 = (iv_0 + 14);
  }

==================
test.p04.v00.c
==================
  for (int i_0 = 1; i_0 < 499; ++i_0) {
    for (int i_1 = 1; i_1 < 499; ++i_1) {
      for (int i_2 = 1; i_2 < 499; ++i_2) {
        (*A)[i_0][i_1][i_2] = ((*C)[(i_0 - 1)][(i_1 - 1)][i_2] + (*C)[(i_1 + 1)][(i_0 + 1)][i_2]);
      }
    }
  }

==================
test.p04.v01.c
==================
  int iv_0 = (17 + 42);
  for (int i_0 = 1; i_0 < 499; ++i_0) {
    int iv_1 = 0;
    for (int i_1 = 1; i_1 < 499; ++i_1) {
      iv_1 = i_1;
      int iv_2 = (3 + 30);
      for (int i_2 = 1; i_2 < 499; ++i_2) {
        (*A)[((iv_0 - 17) / 42)][i_1][((iv_2 - 3) / 30)] = ((*C)[(i_0 - 1)][(iv_1 - 1)][i_2] + (*C)[(i_1 + 1)][(((iv_0 - 17) / 42) + 1)][((iv_2 - 3) / 30)]);
        iv_2 = (iv_2 + 30);
      }
    }
    iv_0 = (iv_0 + 42);
  }

==================
test.p04.v02.c
==================
  int iv_0 = 1;
  for (int i_0 = 1; i_0 < 499; ++i_0) {
    int iv_1 = 0;
    for (int i_1 = 1; i_1 < 499; ++i_1) {
      iv_1 = i_1;
      int iv_2 = (7 + 33);
      for (int i_2 = 1; i_2 < 499; ++i_2) {
        (*A)[iv_0][i_1][((iv_2 - 7) / 33)] = ((*C)[(iv_0 - 1)][(iv_1 - 1)][i_2] + (*C)[(iv_1 + 1)][(iv_0 + 1)][((iv_2 - 7) / 33)]);
        iv_2 = (iv_2 + 33);
      }
    }
    iv_0 = (iv_0 + 1);
  }

==================
test.p04.v03.c
==================
  int iv_0 = 0;
  for (int i_0 = 1; i_0 < 499; ++i_0) {
    iv_0 = i_0;
    int iv_1 = 0;
    for (int i_1 = 1; i_1 < 499; ++i_1) {
      iv_1 = i_1;
      int iv_2 = 1;
      for (int i_2 = 1; i_2 < 499; ++i_2) {
        (*A)[iv_0][iv_1][iv_2] = ((*C)[(i_0 - 1)][(i_1 - 1)][i_2] + (*C)[(iv_1 + 1)][(iv_0 + 1)][iv_2]);
        iv_2 = (iv_2 + 1);
      }
    }
  }

==================
test.p04.v04.c
==================
  int iv_0 = 0;
  for (int i_0 = 1; i_0 < 499; ++i_0) {
    iv_0 = i_0;
    int iv_1 = 0;
    for (int i_1 = 1; i_1 < 499; ++i_1) {
      iv_1 = i_1;
      int iv_2 = (16 + 19);
      for (int i_2 = 1; i_2 < 499; ++i_2) {
        (*A)[iv_0][i_1][((iv_2 - 16) / 19)] = ((*C)[(iv_0 - 1)][(iv_1 - 1)][((iv_2 - 16) / 19)] + (*C)[(iv_1 + 1)][(iv_0 + 1)][i_2]);
        iv_2 = (iv_2 + 19);
      }
    }
  }

==================
test.p04.v05.c
==================
  int iv_0 = (28 + 29);
  for (int i_0 = 1; i_0 < 499; ++i_0) {
    int iv_1 = 1;
    for (int i_1 = 1; i_1 < 499; ++i_1) {
      int iv_2 = 1;
      for (int i_2 = 1; i_2 < 499; ++i_2) {
        (*A)[((iv_0 - 28) / 29)][iv_1][iv_2] = ((*C)[(((iv_0 - 28) / 29) - 1)][(i_1 - 1)][iv_2] + (*C)[(iv_1 + 1)][(((iv_0 - 28) / 29) + 1)][i_2]);
        iv_2 = (iv_2 + 1);
      }
      iv_1 = (iv_1 + 1);
    }
    iv_0 = (iv_0 + 29);
  }

==================
test.p04.v06.c
==================
  int iv_0 = 0;
  for (int i_0 = 1; i_0 < 499; ++i_0) {
    iv_0 = i_0;
    int iv_1 = 1;
    for (int i_1 = 1; i_1 < 499; ++i_1) {
      int iv_2 = 0;
      for (int i_2 = 1; i_2 < 499; ++i_2) {
        iv_2 = i_2;
        (*A)[i_0][iv_1][iv_2] = ((*C)[(iv_0 - 1)][(iv_1 - 1)][iv_2] + (*C)[(iv_1 + 1)][(i_0 + 1)][i_2]);
      }
      iv_1 = (iv_1 + 1);
    }
  }

==================
test.p04.v07.c
==================
  int iv_0 = 0;
  for (int i_0 = 1; i_0 < 499; ++i_0) {
    iv_0 = i_0;
    int iv_1 = 1;
    for (int i_1 = 1; i_1 < 499; ++i_1) {
      int iv_2 = 0;
      for (int i_2 = 1; i_2 < 499; ++i_2) {
        iv_2 = i_2;
        (*A)[iv_0][i_1][iv_2] = ((*C)[(iv_0 - 1)][(iv_1 - 1)][i_2] + (*C)[(i_1 + 1)][(iv_0 + 1)][iv_2]);
      }
      iv_1 = (iv_1 + 1);
    }
  }

==================
test.p04.v08.c
==================
  int iv_0 = 0;
  for (int i_0 = 1; i_0 < 499; ++i_0) {
    iv_0 = i_0;
    int iv_1 = (10 + 38);
    for (int i_1 = 1; i_1 < 499; ++i_1) {
      int iv_2 = 0;
      for (int i_2 = 1; i_2 < 499; ++i_2) {
        iv_2 = i_2;
        (*A)[iv_0][i_1][iv_2] = ((*C)[(iv_0 - 1)][(((iv_1 - 10) / 38) - 1)][iv_2] + (*C)[(i_1 + 1)][(i_0 + 1)][iv_2]);
      }
      iv_1 = (iv_1 + 38);
    }
  }

==================
test.p04.v09.c
==================
  int iv_0 = 1;
  for (int i_0 = 1; i_0 < 499; ++i_0) {
    int iv_1 = (26 + 17);
    for (int i_1 = 1; i_1 < 499; ++i_1) {
      int iv_2 = (13 + 17);
      for (int i_2 = 1; i_2 < 499; ++i_2) {
        (*A)[iv_0][((iv_1 - 26) / 17)][((iv_2 - 13) / 17)] = ((*C)[(iv_0 - 1)][(((iv_1 - 26) / 17) - 1)][i_2] + (*C)[(((iv_1 - 26) / 17) + 1)][(iv_0 + 1)][i_2]);
        iv_2 = (iv_2 + 17);
      }
      iv_1 = (iv_1 + 17);
    }
    iv_0 = (iv_0 + 1);
  }

==================
test.p04.v10.c
==================
  int iv_0 = 1;
  for (int i_0 = 1; i_0 < 499; ++i_0) {
    int iv_1 = 1;
    for (int i_1 = 1; i_1 < 499; ++i_1) {
      int iv_2 = 1;
      for (int i_2 = 1; i_2 < 499; ++i_2) {
        (*A)[iv_0][iv_1][iv_2] = ((*C)[(iv_0 - 1)][(iv_1 - 1)][iv_2] + (*C)[(i_1 + 1)][(iv_0 + 1)][iv_2]);
        iv_2 = (iv_2 + 1);
      }
      iv_1 = (iv_1 + 1);
    }
    iv_0 = (iv_0 + 1);
  }

==================
test.p05.v00.c
==================
  for (int i_0 = 1; i_0 < 499; ++i_0) {
    for (int i_1 = 1; i_1 < 499; ++i_1) {
      for (int i_2 = 1; i_2 < 499; ++i_2) {
        (*B)[i_0][i_1][i_2] = ((*C)[(i_1 + 1)][(i_0 - 1)][i_2] + (*B)[i_0][(i_1 - 1)][i_2]);
      }
    }
  }

==================
test.p05.v01.c
==================
  int iv_0 = 1;
  for (int i_0 = 1; i_0 < 499; ++i_0) {
    int iv_1 = 1;
    for (int i_1 = 1; i_1 < 499; ++i_1) {
      int iv_2 = (27 + 53);
      for (int i_2 = 1; i_2 < 499; ++i_2) {
        (*B)[iv_0][i_1][((iv_2 - 27) / 53)] = ((*C)[(iv_1 + 1)][(iv_0 - 1)][((iv_2 - 27) / 53)] + (*B)[iv_0][(iv_1 - 1)][((iv_2 - 27) / 53)]);
        iv_2 = (iv_2 + 53);
      }
      iv_1 = (iv_1 + 1);
    }
    iv_0 = (iv_0 + 1);
  }

==================
test.p05.v02.c
==================
  int iv_0 = 0;
  for (int i_0 = 1; i_0 < 499; ++i_0) {
    iv_0 = i_0;
    int iv_1 = (33 + 10);
    for (int i_1 = 1; i_1 < 499; ++i_1) {
      int iv_2 = (9 + 33);
      for (int i_2 = 1; i_2 < 499; ++i_2) {
        (*B)[i_0][i_1][((iv_2 - 9) / 33)] = ((*C)[(((iv_1 - 33) / 10) + 1)][(iv_0 - 1)][((iv_2 - 9) / 33)] + (*B)[i_0][(((iv_1 - 33) / 10) - 1)][((iv_2 - 9) / 33)]);
        iv_2 = (iv_2 + 33);
      }
      iv_1 = (iv_1 + 10);
    }
  }

==================
test.p05.v03.c
==================
  int iv_0 = (13 + 38);
  for (int i_0 = 1; i_0 < 499; ++i_0) {
    int iv_1 = 0;
    for (int i_1 = 1; i_1 < 499; ++i_1) {
      iv_1 = i_1;
      int iv_2 = (14 + 37);
      for (int i_2 = 1; i_2 < 499; ++i_2) {
        (*B)[((iv_0 - 13) / 38)][iv_1][((iv_2 - 14) / 37)] = ((*C)[(i_1 + 1)][(i_0 - 1)][((iv_2 - 14) / 37)] + (*B)[i_0][(i_1 - 1)][((iv_2 - 14) / 37)]);
        iv_2 = (iv_2 + 37);
      }
    }
    iv_0 = (iv_0 + 38);
  }

==================
test.p05.v04.c
==================
  int iv_0 = 0;
  for (int i_0 = 1; i_0 < 499; ++i_0) {
    iv_0 = i_0;
    int iv_1 = (11 + 29);
    for (int i_1 = 1; i_1 < 499; ++i_1) {
      int iv_2 = 1;
      for (int i_2 = 1; i_2 < 499; ++i_2) {
        (*B)[i_0][i_1][iv_2] = ((*C)[(((iv_1 - 11) / 29) + 1)][(iv_0 - 1)][iv_2] + (*B)[iv_0][(i_1 - 1)][iv_2]);
        iv_2 = (iv_2 + 1);
      }
      iv_1 = (iv_1 + 29);
    }
  }

==================
test.p05.v05.c
==================
  int iv_0 = 0;
  for (int i_0 = 1; i_0 < 499; ++i_0) {
    iv_0 = i_0;
    int iv_1 = 1;
    for (int i_1 = 1; i_1 < 499; ++i_1) {
      int iv_2 = 0;
      for (int i_2 = 1; i_2 < 499; ++i_2) {
        iv_2 = i_2;
        (*B)[i_0][iv_1][iv_2] = ((*C)[(iv_1 + 1)][(iv_0 - 1)][iv_2] + (*B)[i_0][(i_1 - 1)][i_2]);
      }
      iv_1 = (iv_1 + 1);
    }
  }

==================
test.p05.v06.c
==================
  int iv_0 = 0;
  for (int i_0 = 1; i_0 < 499; ++i_0) {
    iv_0 = i_0;
    int iv_1 = 1;
    for (int i_1 = 1; i_1 < 499; ++i_1) {
      int iv_2 = 1;
      for (int i_2 = 1; i_2 < 499; ++i_2) {
        (*B)[iv_0][iv_1][i_2] = ((*C)[(iv_1 + 1)][(i_0 - 1)][iv_2] + (*B)[iv_0][(iv_1 - 1)][i_2]);
        iv_2 = (iv_2 + 1);
      }
      iv_1 = (iv_1 + 1);
    }
  }

==================
test.p05.v07.c
==================
  int iv_0 = (26 + 22);
  for (int i_0 = 1; i_0 < 499; ++i_0) {
    int iv_1 = (7 + 38);
    for (int i_1 = 1; i_1 < 499; ++i_1) {
      int iv_2 = 0;
      for (int i_2 = 1; i_2 < 499; ++i_2) {
        iv_2 = i_2;
        (*B)[((iv_0 - 26) / 22)][((iv_1 - 7) / 38)][iv_2] = ((*C)[(i_1 + 1)][(((iv_0 - 26) / 22) - 1)][i_2] + (*B)[((iv_0 - 26) / 22)][(((iv_1 - 7) / 38) - 1)][iv_2]);
      }
      iv_1 = (iv_1 + 38);
    }
    iv_0 = (iv_0 + 22);
  }

==================
test.p05.v08.c
==================
  int iv_0 = 1;
  for (int i_0 = 1; i_0 < 499; ++i_0) {
    int iv_1 = (30 + 14);
    for (int i_1 = 1; i_1 < 499; ++i_1) {
      int iv_2 = (13 + 15);
      for (int i_2 = 1; i_2 < 499; ++i_2) {
        (*B)[i_0][((iv_1 - 30) / 14)][i_2] = ((*C)[(((iv_1 - 30) / 14) + 1)][(i_0 - 1)][((iv_2 - 13) / 15)] + (*B)[iv_0][(i_1 - 1)][((iv_2 - 13) / 15)]);
        iv_2 = (iv_2 + 15);
      }
      iv_1 = (iv_1 + 14);
    }
    iv_0 = (iv_0 + 1);
  }

==================
test.p05.v09.c
==================
  int iv_0 = (25 + 27);
  for (int i_0 = 1; i_0 < 499; ++i_0) {
    int iv_1 = 0;
    for (int i_1 = 1; i_1 < 499; ++i_1) {
      iv_1 = i_1;
      int iv_2 = 1;
      for (int i_2 = 1; i_2 < 499; ++i_2) {
        (*B)[((iv_0 - 25) / 27)][iv_1][iv_2] = ((*C)[(i_1 + 1)][(((iv_0 - 25) / 27) - 1)][iv_2] + (*B)[((iv_0 - 25) / 27)][(iv_1 - 1)][iv_2]);
        iv_2 = (iv_2 + 1);
      }
    }
    iv_0 = (iv_0 + 27);
  }

==================
test.p05.v10.c
==================
  int iv_0 = (26 + 23);
  for (int i_0 = 1; i_0 < 499; ++i_0) {
    int iv_1 = (10 + 5);
    for (int i_1 = 1; i_1 < 499; ++i_1) {
      int iv_2 = (22 + 53);
      for (int i_2 = 1; i_2 < 499; ++i_2) {
        (*B)[((iv_0 - 26) / 23)][((iv_1 - 10) / 5)][((iv_2 - 22) / 53)] = ((*C)[(((iv_1 - 10) / 5) + 1)][(i_0 - 1)][((iv_2 - 22) / 53)] + (*B)[i_0][(((iv_1 - 10) / 5) - 1)][((iv_2 - 22) / 53)]);
        iv_2 = (iv_2 + 53);
      }
      iv_1 = (iv_1 + 5);
    }
    iv_0 = (iv_0 + 23);
  }

==================
test.p06.v00.c
==================
  for (int i_0 = 1; i_0 < 499; ++i_0) {
    for (int i_1 = 1; i_1 < 499; ++i_1) {
      for (int i_2 = 1; i_2 < 499; ++i_2) {
        (*B)[i_0][i_1][i_2] = ((*C)[(i_0 + 1)][i_1][i_2] + (*B)[(i_0 + 1)][(i_1 + 1)][i_2]);
      }
    }
  }

==================
test.p06.v01.c
==================
  int iv_0 = (29 + 26);
  for (int i_0 = 1; i_0 < 499; ++i_0) {
    int iv_1 = (5 + 53);
    for (int i_1 = 1; i_1 < 499; ++i_1) {
      int iv_2 = (10 + 36);
      for (int i_2 = 1; i_2 < 499; ++i_2) {
        (*B)[i_0][((iv_1 - 5) / 53)][i_2] = ((*C)[(i_0 + 1)][i_1][((iv_2 - 10) / 36)] + (*B)[(((iv_0 - 29) / 26) + 1)][(i_1 + 1)][((iv_2 - 10) / 36)]);
        iv_2 = (iv_2 + 36);
      }
      iv_1 = (iv_1 + 53);
    }
    iv_0 = (iv_0 + 26);
  }

==================
test.p06.v02.c
==================
  int iv_0 = (17 + 28);
  for (int i_0 = 1; i_0 < 499; ++i_0) {
    int iv_1 = 1;
    for (int i_1 = 1; i_1 < 499; ++i_1) {
      int iv_2 = 0;
      for (int i_2 = 1; i_2 < 499; ++i_2) {
        iv_2 = i_2;
        (*B)[i_0][iv_1][iv_2] = ((*C)[(((iv_0 - 17) / 28) + 1)][i_1][iv_2] + (*B)[(((iv_0 - 17) / 28) + 1)][(i_1 + 1)][iv_2]);
      }
      iv_1 = (iv_1 + 1);
    }
    iv_0 = (iv_0 + 28);
  }

==================
test.p06.v03.c
==================
  int iv_0 = 0;
  for (int i_0 = 1; i_0 < 499; ++i_0) {
    iv_0 = i_0;
    int iv_1 = 0;
    for (int i_1 = 1; i_1 < 499; ++i_1) {
      iv_1 = i_1;
      int iv_2 = 1;
      for (int i_2 = 1; i_2 < 499; ++i_2) {
        (*B)[iv_0][iv_1][iv_2] = ((*C)[(iv_0 + 1)][iv_1][iv_2] + (*B)[(iv_0 + 1)][(iv_1 + 1)][iv_2]);
        iv_2 = (iv_2 + 1);
      }
    }
  }

==================
test.p06.v04.c
==================
  int iv_0 = (33 + 23);
  for (int i_0 = 1; i_0 < 499; ++i_0) {
    int iv_1 = (33 + 38);
    for (int i_1 = 1; i_1 < 499; ++i_1) {
      int iv_2 = 1;
      for (int i_2 = 1; i_2 < 499; ++i_2) {
        (*B)[((iv_0 - 33) / 23)][((iv_1 - 33) / 38)][i_2] = ((*C)[(((iv_0 - 33) / 23) + 1)][((iv_1 - 33) / 38)][iv_2] + (*B)[(((iv_0 - 33) / 23) + 1)][(i_1 + 1)][i_2]);
        iv_2 = (iv_2 + 1);
      }
      iv_1 = (iv_1 + 38);
    }
    iv_0 = (iv_0 + 23);
  }

==================
test.p06.v05.c
==================
  int iv_0 = (18 + 43);
  for (int i_0 = 1; i_0 < 499; ++i_0) {
    int iv_1 = 1;
    for (int i_1 = 1; i_1 < 499; ++i_1) {
      int iv_2 = 1;
      for (int i_2 = 1; i_2 < 499; ++i_2) {
        (*B)[((iv_0 - 18) / 43)][iv_1][i_2] = ((*C)[(((iv_0 - 18) / 43) + 1)][iv_1][iv_2] + (*B)[(((iv_0 - 18) / 43) + 1)][(iv_1 + 1)][iv_2]);
        iv_2 = (iv_2 + 1);
      }
      iv_1 = (iv_1 + 1);
    }
    iv_0 = (iv_0 + 43);
  }

==================
test.p06.v06.c
==================
  int iv_0 = 1;
  for (int i_0 = 1; i_0 < 499; ++i_0) {
    int iv_1 = 1;
    for (int i_1 = 1; i_1 < 499; ++i_1) {
      int iv_2 = (7 + 32);
      for (int i_2 = 1; i_2 < 499; ++i_2) {
        (*B)[i_0][iv_1][((iv_2 - 7) / 32)] = ((*C)[(iv_0 + 1)][iv_1][i_2] + (*B)[(i_0 + 1)][(iv_1 + 1)][i_2]);
        iv_2 = (iv_2 + 32);
      }
      iv_1 = (iv_1 + 1);
    }
    iv_0 = (iv_0 + 1);
  }

==================
test.p06.v07.c
==================
  int iv_0 = 0;
  for (int i_0 = 1; i_0 < 499; ++i_0) {
    iv_0 = i_0;
    int iv_1 = (17 + 29);
    for (int i_1 = 1; i_1 < 499; ++i_1) {
      int iv_2 = 1;
      for (int i_2 = 1; i_2 < 499; ++i_2) {
        (*B)[iv_0][((iv_1 - 17) / 29)][i_2] = ((*C)[(i_0 + 1)][((iv_1 - 17) / 29)][iv_2] + (*B)[(i_0 + 1)][(i_1 + 1)][iv_2]);
        iv_2 = (iv_2 + 1);
      }
      iv_1 = (iv_1 + 29);
    }
  }

==================
test.p06.v08.c
==================
  int iv_0 = (12 + 36);
  for (int i_0 = 1; i_0 < 499; ++i_0) {
    int iv_1 = 1;
    for (int i_1 = 1; i_1 < 499; ++i_1) {
      int iv_2 = 1;
      for (int i_2 = 1; i_2 < 499; ++i_2) {
        (*B)[((iv_0 - 12) / 36)][iv_1][iv_2] = ((*C)[(((iv_0 - 12) / 36) + 1)][iv_1][iv_2] + (*B)[(((iv_0 - 12) / 36) + 1)][(iv_1 + 1)][iv_2]);
        iv_2 = (iv_2 + 1);
      }
      iv_1 = (iv_1 + 1);
    }
    iv_0 = (iv_0 + 36);
  }

==================
test.p06.v09.c
==================
  int iv_0 = (4 + 51);
  for (int i_0 = 1; i_0 < 499; ++i_0) {
    int iv_1 = 1;
    for (int i_1 = 1; i_1 < 499; ++i_1) {
      int iv_2 = 1;
      for (int i_2 = 1; i_2 < 499; ++i_2) {
        (*B)[((iv_0 - 4) / 51)][iv_1][i_2] = ((*C)[(((iv_0 - 4) / 51) + 1)][iv_1][iv_2] + (*B)[(((iv_0 - 4) / 51) + 1)][(iv_1 + 1)][iv_2]);
        iv_2 = (iv_2 + 1);
      }
      iv_1 = (iv_1 + 1);
    }
    iv_0 = (iv_0 + 51);
  }

==================
test.p06.v10.c
==================
  int iv_0 = 0;
  for (int i_0 = 1; i_0 < 499; ++i_0) {
    iv_0 = i_0;
    int iv_1 = 0;
    for (int i_1 = 1; i_1 < 499; ++i_1) {
      iv_1 = i_1;
      int iv_2 = 0;
      for (int i_2 = 1; i_2 < 499; ++i_2) {
        iv_2 = i_2;
        (*B)[i_0][i_1][iv_2] = ((*C)[(iv_0 + 1)][iv_1][iv_2] + (*B)[(iv_0 + 1)][(iv_1 + 1)][iv_2]);
      }
    }
  }

==================
test.p07.v00.c
==================
  for (int i_0 = 1; i_0 < 499; ++i_0) {
    for (int i_1 = 1; i_1 < 499; ++i_1) {
      for (int i_2 = 1; i_2 < 499; ++i_2) {
        (*B)[i_0][i_1][i_2] = ((*A)[(i_1 + 1)][(i_0 - 1)][i_2] - (*A)[(i_1 + 1)][(i_0 + 1)][i_2]);
      }
    }
  }

==================
test.p07.v01.c
==================
  int iv_0 = (27 + 50);
  for (int i_0 = 1; i_0 < 499; ++i_0) {
    int iv_1 = (4 + 33);
    for (int i_1 = 1; i_1 < 499; ++i_1) {
      int iv_2 = 1;
      for (int i_2 = 1; i_2 < 499; ++i_2) {
        (*B)[((iv_0 - 27) / 50)][((iv_1 - 4) / 33)][iv_2] = ((*A)[(((iv_1 - 4) / 33) + 1)][(((iv_0 - 27) / 50) - 1)][iv_2] - (*A)[(i_1 + 1)][(i_0 + 1)][iv_2]);
        iv_2 = (iv_2 + 1);
      }
      iv_1 = (iv_1 + 33);
    }
    iv_0 = (iv_0 + 50);
  }

==================
test.p07.v02.c
==================
  int iv_0 = (32 + 52);
  for (int i_0 = 1; i_0 < 499; ++i_0) {
    int iv_1 = 0;
    for (int i_1 = 1; i_1 < 499; ++i_1) {
      iv_1 = i_1;
      int iv_2 = (26 + 33);
      for (int i_2 = 1; i_2 < 499; ++i_2) {
        (*B)[((iv_0 - 32) / 52)][i_1][((iv_2 - 26) / 33)] = ((*A)[(iv_1 + 1)][(i_0 - 1)][((iv_2 - 26) / 33)] - (*A)[(iv_1 + 1)][(((iv_0 - 32) / 52) + 1)][((iv_2 - 26) / 33)]);
        iv_2 = (iv_2 + 33);
      }
    }
    iv_0 = (iv_0 + 52);
  }

==================
test.p07.v03.c
==================
  int iv_0 = 1;
  for (int i_0 = 1; i_0 < 499; ++i_0) {
    int iv_1 = 1;
    for (int i_1 = 1; i_1 < 499; ++i_1) {
      int iv_2 = (30 + 55);
      for (int i_2 = 1; i_2 < 499; ++i_2) {
        (*B)[iv_0][i_1][((iv_2 - 30) / 55)] = ((*A)[(iv_1 + 1)][(i_0 - 1)][i_2] - (*A)[(iv_1 + 1)][(i_0 + 1)][i_2]);
        iv_2 = (iv_2 + 55);
      }
      iv_1 = (iv_1 + 1);
    }
    iv_0 = (iv_0 + 1);
  }

==================
test.p07.v04.c
==================
  int iv_0 = (4 + 17);
  for (int i_0 = 1; i_0 < 499; ++i_0) {
    int iv_1 = 1;
    for (int i_1 = 1; i_1 < 499; ++i_1) {
      int iv_2 = 1;
      for (int i_2 = 1; i_2 < 499; ++i_2) {
        (*B)[((iv_0 - 4) / 17)][iv_1][i_2] = ((*A)[(iv_1 + 1)][(((iv_0 - 4) / 17) - 1)][iv_2] - (*A)[(iv_1 + 1)][(((iv_0 - 4) / 17) + 1)][i_2]);
        iv_2 = (iv_2 + 1);
      }
      iv_1 = (iv_1 + 1);
    }
    iv_0 = (iv_0 + 17);
  }

==================
test.p07.v05.c
==================
  int iv_0 = 0;
  for (int i_0 = 1; i_0 < 499; ++i_0) {
    iv_0 = i_0;
    int iv_1 = 0;
    for (int i_1 = 1; i_1 < 499; ++i_1) {
      iv_1 = i_1;
      int iv_2 = (7 + 32);
      for (int i_2 = 1; i_2 < 499; ++i_2) {
        (*B)[iv_0][i_1][((iv_2 - 7) / 32)] = ((*A)[(i_1 + 1)][(iv_0 - 1)][((iv_2 - 7) / 32)] - (*A)[(iv_1 + 1)][(iv_0 + 1)][((iv_2 - 7) / 32)]);
        iv_2 = (iv_2 + 32);
      }
    }
  }

==================
test.p07.v06.c
==================
  int iv_0 = 1;
  for (int i_0 = 1; i_0 < 499; ++i_0) {
    int iv_1 = (25 + 28);
    for (int i_1 = 1; i_1 < 499; ++i_1) {
      int iv_2 = (10 + 27);
      for (int i_2 = 1; i_2 < 499; ++i_2) {
        (*B)[iv_0][i_1][i_2] = ((*A)[(i_1 + 1)][(iv_0 - 1)][((iv_2 - 10) / 27)] - (*A)[(((iv_1 - 25) / 28) + 1)][(iv_0 + 1)][((iv_2 - 10) / 27)]);
        iv_2 = (iv_2 + 27);
      }
      iv_1 = (iv_1 + 28);
    }
    iv_0 = (iv_0 + 1);
  }

==================
test.p07.v07.c
==================
  int iv_0 = 0;
  for (int i_0 = 1; i_0 < 499; ++i_0) {
    iv_0 = i_0;
    int iv_1 = 0;
    for (int i_1 = 1; i_1 < 499; ++i_1) {
      iv_1 = i_1;
      int iv_2 = 0;
      for (int i_2 = 1; i_2 < 499; ++i_2) {
        iv_2 = i_2;
        (*B)[iv_0][iv_1][iv_2] = ((*A)[(iv_1 + 1)][(iv_0 - 1)][iv_2] - (*A)[(iv_1 + 1)][(iv_0 + 1)][iv_2]);
      }
    }
  }

==================
test.p07.v08.c
==================
  int iv_0 = 0;
  for (int i_0 = 1; i_0 < 499; ++i_0) {
    iv_0 = i_0;
    int iv_1 = (29 + 10);
    for (int i_1 = 1; i_1 < 499; ++i_1) {
      int iv_2 = 0;
      for (int i_2 = 1; i_2 < 499; ++i_2) {
        iv_2 = i_2;
        (*B)[iv_0][((iv_1 - 29) / 10)][iv_2] = ((*A)[(i_1 + 1)][(iv_0 - 1)][iv_2] - (*A)[(i_1 + 1)][(iv_0 + 1)][i_2]);
      }
      iv_1 = (iv_1 + 10);
    }
  }

==================
test.p07.v09.c
==================
  int iv_0 = (5 + 51);
  for (int i_0 = 1; i_0 < 499; ++i_0) {
    int iv_1 = 0;
    for (int i_1 = 1; i_1 < 499; ++i_1) {
      iv_1 = i_1;
      int iv_2 = (23 + 6);
      for (int i_2 = 1; i_2 < 499; ++i_2) {
        (*B)[i_0][iv_1][((iv_2 - 23) / 6)] = ((*A)[(iv_1 + 1)][(((iv_0 - 5) / 51) - 1)][i_2] - (*A)[(iv_1 + 1)][(((iv_0 - 5) / 51) + 1)][((iv_2 - 23) / 6)]);
        iv_2 = (iv_2 + 6);
      }
    }
    iv_0 = (iv_0 + 51);
  }

==================
test.p07.v10.c
==================
  int iv_0 = (6 + 40);
  for (int i_0 = 1; i_0 < 499; ++i_0) {
    int iv_1 = (28 + 8);
    for (int i_1 = 1; i_1 < 499; ++i_1) {
      int iv_2 = 1;
      for (int i_2 = 1; i_2 < 499; ++i_2) {
        (*B)[((iv_0 - 6) / 40)][i_1][iv_2] = ((*A)[(((iv_1 - 28) / 8) + 1)][(((iv_0 - 6) / 40) - 1)][iv_2] - (*A)[(((iv_1 - 28) / 8) + 1)][(i_0 + 1)][iv_2]);
        iv_2 = (iv_2 + 1);
      }
      iv_1 = (iv_1 + 8);
    }
    iv_0 = (iv_0 + 40);
  }

==================
test.p08.v00.c
==================
  for (int i_0 = 1; i_0 < 499; ++i_0) {
    for (int i_1 = 1; i_1 < 499; ++i_1) {
      for (int i_2 = 1; i_2 < 499; ++i_2) {
        (*A)[i_0][i_1][i_2] = ((*A)[i_0][(i_1 + 1)][i_2] * (*B)[(i_1 - 1)][i_0][i_2]);
      }
    }
  }

==================
test.p08.v01.c
==================
  int iv_0 = 1;
  for (int i_0 = 1; i_0 < 499; ++i_0) {
    int iv_1 = (24 + 31);
    for (int i_1 = 1; i_1 < 499; ++i_1) {
      int iv_2 = 0;
      for (int i_2 = 1; i_2 < 499; ++i_2) {
        iv_2 = i_2;
        (*A)[i_0][i_1][i_2] = ((*A)[iv_0][(i_1 + 1)][iv_2] * (*B)[(((iv_1 - 24) / 31) - 1)][i_0][i_2]);
      }
      iv_1 = (iv_1 + 31);
    }
    iv_0 = (iv_0 + 1);
  }

==================
test.p08.v02.c
==================
  int iv_0 = 1;
  for (int i_0 = 1; i_0 < 499; ++i_0) {
    int iv_1 = 1;
    for (int i_1 = 1; i_1 < 499; ++i_1) {
      int iv_2 = (17 + 51);
      for (int i_2 = 1; i_2 < 499; ++i_2) {
        (*A)[iv_0][iv_1][((iv_2 - 17) / 51)] = ((*A)[iv_0][(i_1 + 1)][((iv_2 - 17) / 51)] * (*B)[(i_1 - 1)][i_0][((iv_2 - 17) / 51)]);
        iv_2 = (iv_2 + 51);
      }
      iv_1 = (iv_1 + 1);
    }
    iv_0 = (iv_0 + 1);
  }

==================
test.p08.v03.c
==================
  int iv_0 = 0;
  for (int i_0 = 1; i_0 < 499; ++i_0) {
    iv_0 = i_0;
    int iv_1 = 0;
    for (int i_1 = 1; i_1 < 499; ++i_1) {
      iv_1 = i_1;
      int iv_2 = (19 + 54);
      for (int i_2 = 1; i_2 < 499; ++i_2) {
        (*A)[iv_0][iv_1][((iv_2 - 19) / 54)] = ((*A)[iv_0][(iv_1 + 1)][i_2] * (*B)[(i_1 - 1)][i_0][((iv_2 - 19) / 54)]);
        iv_2 = (iv_2 + 54);
      }
    }
  }

==================
test.p08.v04.c
==================
  int iv_0 = 1;
  for (int i_0 = 1; i_0 < 499; ++i_0) {
    int iv_1 = 0;
    for (int i_1 = 1; i_1 < 499; ++i_1) {
      iv_1 = i_1;
      int iv_2 = (5 + 6);
      for (int i_2 = 1; i_2 < 499; ++i_2) {
        (*A)[iv_0][iv_1][i_2] = ((*A)[iv_0][(i_1 + 1)][((iv_2 - 5) / 6)] * (*B)[(i_1 - 1)][iv_0][i_2]);
        iv_2 = (iv_2 + 6);
      }
    }
    iv_0 = (iv_0 + 1);
  }

==================
test.p08.v05.c
==================
  int iv_0 = (19 + 55);
  for (int i_0 = 1; i_0 < 499; ++i_0) {
    int iv_1 = (31 + 51);
    for (int i_1 = 1; i_1 < 499; ++i_1) {
      int iv_2 = (10 + 25);
      for (int i_2 = 1; i_2 < 499; ++i_2) {
        (*A)[((iv_0 - 19) / 55)][((iv_1 - 31) / 51)][((iv_2 - 10) / 25)] = ((*A)[((iv_0 - 19) / 55)][(((iv_1 - 31) / 51) + 1)][((iv_2 - 10) / 25)] * (*B)[(((iv_1 - 31) / 51) - 1)][i_0][((iv_2 - 10) / 25)]);
        iv_2 = (iv_2 + 25);
      }
      iv_1 = (iv_1 + 51);
    }
    iv_0 = (iv_0 + 55);
  }

==================
test.p08.v06.c
==================
  int iv_0 = 1;
  for (int i_0 = 1; i_0 < 499; ++i_0) {
    int iv_1 = (10 + 44);
    for (int i_1 = 1; i_1 < 499; ++i_1) {
      int iv_2 = 0;
      for (int i_2 = 1; i_2 < 499; ++i_2) {
        iv_2 = i_2;
        (*A)[iv_0][((iv_1 - 10) / 44)][iv_2] = ((*A)[i_0][(((iv_1 - 10) / 44) + 1)][i_2] * (*B)[(((iv_1 - 10) / 44) - 1)][i_0][i_2]);
      }
      iv_1 = (iv_1 + 44);
    }
    iv_0 = (iv_0 + 1);
  }

==================
test.p08.v07.c
==================
  int iv_0 = 0;
  for (int i_0 = 1; i_0 < 499; ++i_0) {
    iv_0 = i_0;
    int iv_1 = 1;
    for (int i_1 = 1; i_1 < 499; ++i_1) {
      int iv_2 = 0;
      for (int i_2 = 1; i_2 < 499; ++i_2) {
        iv_2 = i_2;
        (*A)[i_0][iv_1][iv_2] = ((*A)[i_0][(i_1 + 1)][i_2] * (*B)[(i_1 - 1)][iv_0][i_2]);
      }
      iv_1 = (iv_1 + 1);
    }
  }

==================
test.p08.v08.c
==================
  int iv_0 = 0;
  for (int i_0 = 1; i_0 < 499; ++i_0) {
    iv_0 = i_0;
    int iv_1 = (4 + 8);
    for (int i_1 = 1; i_1 < 499; ++i_1) {
      int iv_2 = (11 + 53);
      for (int i_2 = 1; i_2 < 499; ++i_2) {
        (*A)[iv_0][((iv_1 - 4) / 8)][((iv_2 - 11) / 53)] = ((*A)[iv_0][(((iv_1 - 4) / 8) + 1)][((iv_2 - 11) / 53)] * (*B)[(((iv_1 - 4) / 8) - 1)][iv_0][((iv_2 - 11) / 53)]);
        iv_2 = (iv_2 + 53);
      }
      iv_1 = (iv_1 + 8);
    }
  }

==================
test.p08.v09.c
==================
  int iv_0 = (10 + 48);
  for (int i_0 = 1; i_0 < 499; ++i_0) {
    int iv_1 = 1;
    for (int i_1 = 1; i_1 < 499; ++i_1) {
      int iv_2 = 0;
      for (int i_2 = 1; i_2 < 499; ++i_2) {
        iv_2 = i_2;
        (*A)[((iv_0 - 10) / 48)][iv_1][i_2] = ((*A)[((iv_0 - 10) / 48)][(iv_1 + 1)][i_2] * (*B)[(iv_1 - 1)][((iv_0 - 10) / 48)][iv_2]);
      }
      iv_1 = (iv_1 + 1);
    }
    iv_0 = (iv_0 + 48);
  }

==================
test.p08.v10.c
==================
  int iv_0 = 0;
  for (int i_0 = 1; i_0 < 499; ++i_0) {
    iv_0 = i_0;
    int iv_1 = (30 + 6);
    for (int i_1 = 1; i_1 < 499; ++i_1) {
      int iv_2 = (5 + 36);
      for (int i_2 = 1; i_2 < 499; ++i_2) {
        (*A)[iv_0][((iv_1 - 30) / 6)][((iv_2 - 5) / 36)] = ((*A)[i_0][(i_1 + 1)][((iv_2 - 5) / 36)] * (*B)[(i_1 - 1)][i_0][((iv_2 - 5) / 36)]);
        iv_2 = (iv_2 + 36);
      }
      iv_1 = (iv_1 + 6);
    }
  }

==================
test.p09.v00.c
==================
  for (int i_0 = 1; i_0 < 499; ++i_0) {
    for (int i_1 = 1; i_1 < 499; ++i_1) {
      for (int i_2 = 1; i_2 < 499; ++i_2) {
        (*A)[i_0][i_1][i_2] = ((*A)[i_0][(i_1 + 1)][i_2] + (*A)[(i_0 - 1)][(i_1 - 1)][i_2]);
      }
    }
  }

==================
test.p09.v01.c
==================
  int iv_0 = (12 + 30);
  for (int i_0 = 1; i_0 < 499; ++i_0) {
    int iv_1 = 1;
    for (int i_1 = 1; i_1 < 499; ++i_1) {
      int iv_2 = (7 + 29);
      for (int i_2 = 1; i_2 < 499; ++i_2) {
        (*A)[((iv_0 - 12) / 30)][i_1][((iv_2 - 7) / 29)] = ((*A)[((iv_0 - 12) / 30)][(i_1 + 1)][i_2] + (*A)[(((iv_0 - 12) / 30) - 1)][(iv_1 - 1)][i_2]);
        iv_2 = (iv_2 + 29);
      }
      iv_1 = (iv_1 + 1);
    }
    iv_0 = (iv_0 + 30);
  }

==================
test.p09.v02.c
==================
  int iv_0 = 0;
  for (int i_0 = 1; i_0 < 499; ++i_0) {
    iv_0 = i_0;
    int iv_1 = (9 + 15);
    for (int i_1 = 1; i_1 < 499; ++i_1) {
      int iv_2 = 0;
      for (int i_2 = 1; i_2 < 499; ++i_2) {
        iv_2 = i_2;
        (*A)[iv_0][((iv_1 - 9) / 15)][iv_2] = ((*A)[iv_0][(((iv_1 - 9) / 15) + 1)][iv_2] + (*A)[(iv_0 - 1)][(((iv_1 - 9) / 15) - 1)][iv_2]);
      }
      iv_1 = (iv_1 + 15);
    }
  }

==================
test.p09.v03.c
==================
  int iv_0 = 1;
  for (int i_0 = 1; i_0 < 499; ++i_0) {
    int iv_1 = (6 + 25);
    for (int i_1 = 1; i_1 < 499; ++i_1) {
      int iv_2 = (31 + 34);
      for (int i_2 = 1; i_2 < 499; ++i_2) {
        (*A)[iv_0][i_1][((iv_2 - 31) / 34)] = ((*A)[iv_0][(((iv_1 - 6) / 25) + 1)][((iv_2 - 31) / 34)] + (*A)[(iv_0 - 1)][(i_1 - 1)][i_2]);
        iv_2 = (iv_2 + 34);
      }
      iv_1 = (iv_1 + 25);
    }
    iv_0 = (iv_0 + 1);
  }

==================
test.p09.v04.c
==================
  int iv_0 = 1;
  for (int i_0 = 1; i_0 < 499; ++i_0) {
    int iv_1 = 1;
    for (int i_1 = 1; i_1 < 499; ++i_1) {
      int iv_2 = 1;
      for (int i_2 = 1; i_2 < 499; ++i_2) {
        (*A)[iv_0][iv_1][iv_2] = ((*A)[iv_0][(iv_1 + 1)][iv_2] + (*A)[(i_0 - 1)][(iv_1 - 1)][iv_2]);
        iv_2 = (iv_2 + 1);
      }
      iv_1 = (iv_1 + 1);
    }
    iv_0 = (iv_0 + 1);
  }

==================
test.p09.v05.c
==================
  int iv_0 = (29 + 23);
  for (int i_0 = 1; i_0 < 499; ++i_0) {
    int iv_1 = (17 + 30);
    for (int i_1 = 1; i_1 < 499; ++i_1) {
      int iv_2 = 0;
      for (int i_2 = 1; i_2 < 499; ++i_2) {
        iv_2 = i_2;
        (*A)[i_0][((iv_1 - 17) / 30)][iv_2] = ((*A)[((iv_0 - 29) / 23)][(((iv_1 - 17) / 30) + 1)][i_2] + (*A)[(((iv_0 - 29) / 23) - 1)][(((iv_1 - 17) / 30) - 1)][i_2]);
      }
      iv_1 = (iv_1 + 30);
    }
    iv_0 = (iv_0 + 23);
  }

==================
test.p09.v06.c
==================
  int iv_0 = 1;
  for (int i_0 = 1; i_0 < 499; ++i_0) {
    int iv_1 = 0;
    for (int i_1 = 1; i_1 < 499; ++i_1) {
      iv_1 = i_1;
      int iv_2 = 0;
      for (int i_2 = 1; i_2 < 499; ++i_2) {
        iv_2 = i_2;
        (*A)[iv_0][iv_1][iv_2] = ((*A)[iv_0][(iv_1 + 1)][i_2] + (*A)[(iv_0 - 1)][(iv_1 - 1)][i_2]);
      }
    }
    iv_0 = (iv_0 + 1);
  }

==================
test.p09.v07.c
==================
  int iv_0 = 1;
  for (int i_0 = 1; i_0 < 499; ++i_0) {
    int iv_1 = (10 + 13);
    for (int i_1 = 1; i_1 < 499; ++i_1) {
      int iv_2 = 1;
      for (int i_2 = 1; i_2 < 499; ++i_2) {
        (*A)[iv_0][((iv_1 - 10) / 13)][iv_2] = ((*A)[iv_0][(((iv_1 - 10) / 13) + 1)][i_2] + (*A)[(iv_0 - 1)][(((iv_1 - 10) / 13) - 1)][i_2]);
        iv_2 = (iv_2 + 1);
      }
      iv_1 = (iv_1 + 13);
    }
    iv_0 = (iv_0 + 1);
  }

==================
test.p09.v08.c
==================
  int iv_0 = 1;
  for (int i_0 = 1; i_0 < 499; ++i_0) {
    int iv_1 = 0;
    for (int i_1 = 1; i_1 < 499; ++i_1) {
      iv_1 = i_1;
      int iv_2 = 1;
      for (int i_2 = 1; i_2 < 499; ++i_2) {
        (*A)[iv_0][iv_1][iv_2] = ((*A)[iv_0][(i_1 + 1)][i_2] + (*A)[(iv_0 - 1)][(iv_1 - 1)][i_2]);
        iv_2 = (iv_2 + 1);
      }
    }
    iv_0 = (iv_0 + 1);
  }

==================
test.p09.v09.c
==================
  int iv_0 = 0;
  for (int i_0 = 1; i_0 < 499; ++i_0) {
    iv_0 = i_0;
    int iv_1 = (30 + 36);
    for (int i_1 = 1; i_1 < 499; ++i_1) {
      int iv_2 = (31 + 17);
      for (int i_2 = 1; i_2 < 499; ++i_2) {
        (*A)[iv_0][((iv_1 - 30) / 36)][((iv_2 - 31) / 17)] = ((*A)[iv_0][(i_1 + 1)][((iv_2 - 31) / 17)] + (*A)[(iv_0 - 1)][(((iv_1 - 30) / 36) - 1)][((iv_2 - 31) / 17)]);
        iv_2 = (iv_2 + 17);
      }
      iv_1 = (iv_1 + 36);
    }
  }

==================
test.p09.v10.c
==================
  int iv_0 = (4 + 32);
  for (int i_0 = 1; i_0 < 499; ++i_0) {
    int iv_1 = 1;
    for (int i_1 = 1; i_1 < 499; ++i_1) {
      int iv_2 = (12 + 10);
      for (int i_2 = 1; i_2 < 499; ++i_2) {
        (*A)[((iv_0 - 4) / 32)][i_1][((iv_2 - 12) / 10)] = ((*A)[((iv_0 - 4) / 32)][(i_1 + 1)][i_2] + (*A)[(((iv_0 - 4) / 32) - 1)][(iv_1 - 1)][((iv_2 - 12) / 10)]);
        iv_2 = (iv_2 + 10);
      }
      iv_1 = (iv_1 + 1);
    }
    iv_0 = (iv_0 + 32);
  }

